# JRE version: Java(TM) SE Runtime Environment (8.0_201-b09) (build 1.8.0_201-b09)
# Java VM: Java HotSpot(TM) 64-Bit Server VM (25.201-b09 mixed mode windows-amd64 compressed oops)
Heap:
 PSYoungGen      total 76288K, used 67864K [0x00000000d5580000, 0x00000000dc980000, 0x0000000100000000)
  eden space 65536K, 92% used [0x00000000d5580000,0x00000000d90c2ab8,0x00000000d9580000)
  from space 10752K, 66% used [0x00000000da000000,0x00000000da7038c8,0x00000000daa80000)
  to   space 10752K, 0% used [0x00000000d9580000,0x00000000d9580000,0x00000000da000000)
 ParOldGen       total 109568K, used 10335K [0x0000000080000000, 0x0000000086b00000, 0x00000000d5580000)
  object space 109568K, 9% used [0x0000000080000000,0x0000000080a17df8,0x0000000086b00000)
 Metaspace       used 30682K, capacity 31164K, committed 31488K, reserved 1077248K
  class space    used 4356K, capacity 4551K, committed 4608K, reserved 1048576K
GC Heap History (10 events):
Event: 1.469 GC heap before
{Heap before GC invocations=1 (full 0):
 PSYoungGen      total 76288K, used 65536K [0x00000000d5580000, 0x00000000daa80000, 0x0000000100000000)
  eden space 65536K, 100% used [0x00000000d5580000,0x00000000d9580000,0x00000000d9580000)
  from space 10752K, 0% used [0x00000000da000000,0x00000000da000000,0x00000000daa80000)
  to   space 10752K, 0% used [0x00000000d9580000,0x00000000d9580000,0x00000000da000000)
 ParOldGen       total 175104K, used 0K [0x0000000080000000, 0x000000008ab00000, 0x00000000d5580000)
  object space 175104K, 0% used [0x0000000080000000,0x0000000080000000,0x000000008ab00000)
 Metaspace       used 9112K, capacity 9418K, committed 9600K, reserved 1056768K
  class space    used 1225K, capacity 1329K, committed 1408K, reserved 1048576K
Event: 1.476 GC heap after
Heap after GC invocations=1 (full 0):
 PSYoungGen      total 76288K, used 7129K [0x00000000d5580000, 0x00000000daa80000, 0x0000000100000000)
  eden space 65536K, 0% used [0x00000000d5580000,0x00000000d5580000,0x00000000d9580000)
  from space 10752K, 66% used [0x00000000d9580000,0x00000000d9c76580,0x00000000da000000)
  to   space 10752K, 0% used [0x00000000da000000,0x00000000da000000,0x00000000daa80000)
 ParOldGen       total 175104K, used 35K [0x0000000080000000, 0x000000008ab00000, 0x00000000d5580000)
  object space 175104K, 0% used [0x0000000080000000,0x0000000080008c50,0x000000008ab00000)
 Metaspace       used 9112K, capacity 9418K, committed 9600K, reserved 1056768K
  class space    used 1225K, capacity 1329K, committed 1408K, reserved 1048576K
}
Event: 4.642 GC heap before
{Heap before GC invocations=2 (full 0):
 PSYoungGen      total 76288K, used 72665K [0x00000000d5580000, 0x00000000daa80000, 0x0000000100000000)
  eden space 65536K, 100% used [0x00000000d5580000,0x00000000d9580000,0x00000000d9580000)
  from space 10752K, 66% used [0x00000000d9580000,0x00000000d9c76580,0x00000000da000000)
  to   space 10752K, 0% used [0x00000000da000000,0x00000000da000000,0x00000000daa80000)
 ParOldGen       total 175104K, used 35K [0x0000000080000000, 0x000000008ab00000, 0x00000000d5580000)
  object space 175104K, 0% used [0x0000000080000000,0x0000000080008c50,0x000000008ab00000)
 Metaspace       used 16420K, capacity 16854K, committed 16896K, reserved 1062912K
  class space    used 2392K, capacity 2555K, committed 2560K, reserved 1048576K
Event: 4.654 GC heap after
Heap after GC invocations=2 (full 0):
 PSYoungGen      total 76288K, used 10738K [0x00000000d5580000, 0x00000000daa80000, 0x0000000100000000)
  eden space 65536K, 0% used [0x00000000d5580000,0x00000000d5580000,0x00000000d9580000)
  from space 10752K, 99% used [0x00000000da000000,0x00000000daa7c810,0x00000000daa80000)
  to   space 10752K, 0% used [0x00000000d9580000,0x00000000d9580000,0x00000000da000000)
 ParOldGen       total 175104K, used 503K [0x0000000080000000, 0x000000008ab00000, 0x00000000d5580000)
  object space 175104K, 0% used [0x0000000080000000,0x000000008007dce8,0x000000008ab00000)
 Metaspace       used 16420K, capacity 16854K, committed 16896K, reserved 1062912K
  class space    used 2392K, capacity 2555K, committed 2560K, reserved 1048576K
}
Event: 5.304 GC heap before
{Heap before GC invocations=3 (full 0):
 PSYoungGen      total 76288K, used 50232K [0x00000000d5580000, 0x00000000daa80000, 0x0000000100000000)
  eden space 65536K, 60% used [0x00000000d5580000,0x00000000d7c11b30,0x00000000d9580000)
  from space 10752K, 99% used [0x00000000da000000,0x00000000daa7c810,0x00000000daa80000)
  to   space 10752K, 0% used [0x00000000d9580000,0x00000000d9580000,0x00000000da000000)
 ParOldGen       total 175104K, used 503K [0x0000000080000000, 0x000000008ab00000, 0x00000000d5580000)
  object space 175104K, 0% used [0x0000000080000000,0x000000008007dce8,0x000000008ab00000)
 Metaspace       used 20709K, capacity 21154K, committed 21296K, reserved 1067008K
  class space    used 2973K, capacity 3121K, committed 3200K, reserved 1048576K
Event: 5.314 GC heap after
Heap after GC invocations=3 (full 0):
 PSYoungGen      total 76288K, used 10574K [0x00000000d5580000, 0x00000000daa80000, 0x0000000100000000)
  eden space 65536K, 0% used [0x00000000d5580000,0x00000000d5580000,0x00000000d9580000)
  from space 10752K, 98% used [0x00000000d9580000,0x00000000d9fd3950,0x00000000da000000)
  to   space 10752K, 0% used [0x00000000da000000,0x00000000da000000,0x00000000daa80000)
 ParOldGen       total 175104K, used 511K [0x0000000080000000, 0x000000008ab00000, 0x00000000d5580000)
  object space 175104K, 0% used [0x0000000080000000,0x000000008007fce8,0x000000008ab00000)
 Metaspace       used 20709K, capacity 21154K, committed 21296K, reserved 1067008K
  class space    used 2973K, capacity 3121K, committed 3200K, reserved 1048576K
}
Event: 5.314 GC heap before
{Heap before GC invocations=4 (full 1):
 PSYoungGen      total 76288K, used 10574K [0x00000000d5580000, 0x00000000daa80000, 0x0000000100000000)
  eden space 65536K, 0% used [0x00000000d5580000,0x00000000d5580000,0x00000000d9580000)
  from space 10752K, 98% used [0x00000000d9580000,0x00000000d9fd3950,0x00000000da000000)
  to   space 10752K, 0% used [0x00000000da000000,0x00000000da000000,0x00000000daa80000)
 ParOldGen       total 175104K, used 511K [0x0000000080000000, 0x000000008ab00000, 0x00000000d5580000)
  object space 175104K, 0% used [0x0000000080000000,0x000000008007fce8,0x000000008ab00000)
 Metaspace       used 20709K, capacity 21154K, committed 21296K, reserved 1067008K
  class space    used 2973K, capacity 3121K, committed 3200K, reserved 1048576K
Event: 5.355 GC heap after
Heap after GC invocations=4 (full 1):
 PSYoungGen      total 76288K, used 0K [0x00000000d5580000, 0x00000000daa80000, 0x0000000100000000)
  eden space 65536K, 0% used [0x00000000d5580000,0x00000000d5580000,0x00000000d9580000)
  from space 10752K, 0% used [0x00000000d9580000,0x00000000d9580000,0x00000000da000000)
  to   space 10752K, 0% used [0x00000000da000000,0x00000000da000000,0x00000000daa80000)
 ParOldGen       total 109568K, used 10327K [0x0000000080000000, 0x0000000086b00000, 0x00000000d5580000)
  object space 109568K, 9% used [0x0000000080000000,0x0000000080a15df8,0x0000000086b00000)
 Metaspace       used 20709K, capacity 21154K, committed 21296K, reserved 1067008K
  class space    used 2973K, capacity 3121K, committed 3200K, reserved 1048576K
}
Event: 6.557 GC heap before
{Heap before GC invocations=5 (full 1):
 PSYoungGen      total 76288K, used 65536K [0x00000000d5580000, 0x00000000daa80000, 0x0000000100000000)
  eden space 65536K, 100% used [0x00000000d5580000,0x00000000d9580000,0x00000000d9580000)
  from space 10752K, 0% used [0x00000000d9580000,0x00000000d9580000,0x00000000da000000)
  to   space 10752K, 0% used [0x00000000da000000,0x00000000da000000,0x00000000daa80000)
 ParOldGen       total 109568K, used 10327K [0x0000000080000000, 0x0000000086b00000, 0x00000000d5580000)
  object space 109568K, 9% used [0x0000000080000000,0x0000000080a15df8,0x0000000086b00000)
 Metaspace       used 27409K, capacity 27920K, committed 28160K, reserved 1073152K
  class space    used 3815K, capacity 4004K, committed 4096K, reserved 1048576K
Event: 6.564 GC heap after
Heap after GC invocations=5 (full 1):
 PSYoungGen      total 76288K, used 7182K [0x00000000d5580000, 0x00000000dc980000, 0x0000000100000000)
  eden space 65536K, 0% used [0x00000000d5580000,0x00000000d5580000,0x00000000d9580000)
  from space 10752K, 66% used [0x00000000da000000,0x00000000da7038c8,0x00000000daa80000)
  to   space 10752K, 0% used [0x00000000d9580000,0x00000000d9580000,0x00000000da000000)
 ParOldGen       total 109568K, used 10335K [0x0000000080000000, 0x0000000086b00000, 0x00000000d5580000)
  object space 109568K, 9% used [0x0000000080000000,0x0000000080a17df8,0x0000000086b00000)
 Metaspace       used 27409K, capacity 27920K, committed 28160K, reserved 1073152K
  class space    used 3815K, capacity 4004K, committed 4096K, reserved 1048576K
}

